2025-06-18 13:13:17 [INFO] - Система логирования настроена.
2025-06-18 13:13:17 [INFO] - 🔄 Загружаю данные из Prometheus...
2025-06-18 13:13:17 [INFO] - ✅ Загружено 90643 записей с 1 метриками: ['common_delayp90']
2025-06-18 13:13:17 [INFO] - 🗓️ Период данных: 2025-04-27 18:00:30 - 2025-05-13 11:41:00
2025-06-18 13:13:17 [INFO] - ⚙️ Настроена кросс-валидация TimeSeriesSplit с 5 сплитами и размером теста 48.
2025-06-18 13:13:17 [INFO] - 
==================================================
2025-06-18 13:13:17 [INFO] - 🚀 Сплит 1/5
2025-06-18 13:13:17 [INFO] -    Обучение: 90403 точек (2025-04-27 18:00:30 -> 2025-05-13 10:41:00)
2025-06-18 13:13:17 [INFO] -    Тест:     48 точек (2025-05-13 10:41:15 -> 2025-05-13 10:53:00)
2025-06-18 13:13:17 [INFO] - ==================================================
2025-06-18 13:13:17 [INFO] - 📄 Импорт моделей из шаблона: prometheus_autots_template_tuned.csv
2025-06-18 13:13:17 [INFO] - 🏋️ Обучаю модель на данных для обучения...
2025-06-18 13:13:18 [INFO] - Data frequency is: 15s, used frequency is: 15s
Model Number: 1 with model LastValueNaive in generation 0 of 0
2025-06-18 13:13:18 [INFO] - Model Number: 2 with model LastValueNaive in generation 0 of 0
2025-06-18 13:13:18 [INFO] - Model Number: 3 with model LastValueNaive in generation 0 of 0
2025-06-18 13:13:19 [INFO] - Model Number: 4 with model SeasonalityMotif in generation 0 of 0
2025-06-18 13:13:23 [INFO] - Model Number: 5 with model SeasonalityMotif in generation 0 of 0
2025-06-18 13:21:30 [INFO] - Model Number: 6 with model GLS in generation 0 of 0
2025-06-18 13:21:30 [INFO] - Model Number: 7 with model LastValueNaive in generation 0 of 0
2025-06-18 13:21:30 [INFO] - Model Number: 8 with model SectionalMotif in generation 0 of 0
2025-06-18 13:22:33 [INFO] - Model Number: 9 with model GLS in generation 0 of 0
2025-06-18 13:22:33 [INFO] - Model Number: 10 with model SectionalMotif in generation 0 of 0
2025-06-18 13:30:43 [INFO] - Model Number: 11 with model GLS in generation 0 of 0
2025-06-18 13:39:09 [INFO] - Model Number: 12 with model GLS in generation 0 of 0
2025-06-18 13:40:11 [INFO] - Model Number: 13 with model SectionalMotif in generation 0 of 0
2025-06-18 13:48:49 [INFO] - Model Number: 14 with model GLS in generation 0 of 0
2025-06-18 13:48:49 [INFO] - Model Number: 15 with model LastValueNaive in generation 0 of 0
2025-06-18 13:48:49 [ERROR] - ❌ Ошибка в сплите 1: argument of type 'PosixPath' is not iterable
Traceback (most recent call last):
  File "/home/borovets.av/kolya/AutoTS/timeseries_cv_autots.py", line 173, in run_timeseries_cv
    model.export_template(plots_dir / f"template_split_{i+1}.csv", models='best', n=50)
  File "/home/borovets.av/kolya/AutoTS/autots/evaluator/auto_ts.py", line 2615, in export_template
    return self.save_template(filename, export_template)
  File "/home/borovets.av/kolya/AutoTS/autots/evaluator/auto_ts.py", line 2622, in save_template
    elif '.csv' in filename:
TypeError: argument of type 'PosixPath' is not iterable
2025-06-18 13:48:49 [INFO] - 
==================================================
2025-06-18 13:48:49 [INFO] - 🚀 Сплит 2/5
2025-06-18 13:48:49 [INFO] -    Обучение: 90451 точек (2025-04-27 18:00:30 -> 2025-05-13 10:53:00)
2025-06-18 13:48:49 [INFO] -    Тест:     48 точек (2025-05-13 10:53:15 -> 2025-05-13 11:05:00)
2025-06-18 13:48:49 [INFO] - ==================================================
2025-06-18 13:48:49 [INFO] - 📄 Импорт моделей из шаблона: prometheus_autots_template_tuned.csv
2025-06-18 13:48:49 [INFO] - 🏋️ Обучаю модель на данных для обучения...
2025-06-18 13:48:49 [INFO] - Data frequency is: 15s, used frequency is: 15s
Model Number: 1 with model LastValueNaive in generation 0 of 0
2025-06-18 13:48:49 [INFO] - Model Number: 2 with model LastValueNaive in generation 0 of 0
2025-06-18 13:48:49 [INFO] - Model Number: 3 with model LastValueNaive in generation 0 of 0
2025-06-18 13:48:51 [INFO] - Model Number: 4 with model SeasonalityMotif in generation 0 of 0
2025-06-18 13:48:54 [INFO] - Model Number: 5 with model SeasonalityMotif in generation 0 of 0
2025-06-18 13:56:52 [INFO] - Model Number: 6 with model GLS in generation 0 of 0
2025-06-18 13:56:52 [INFO] - Model Number: 7 with model LastValueNaive in generation 0 of 0
2025-06-18 13:56:52 [INFO] - Model Number: 8 with model SectionalMotif in generation 0 of 0
2025-06-18 13:57:46 [INFO] - Model Number: 9 with model GLS in generation 0 of 0
2025-06-18 13:57:46 [INFO] - Model Number: 10 with model SectionalMotif in generation 0 of 0
2025-06-18 14:05:31 [INFO] - Model Number: 11 with model GLS in generation 0 of 0
2025-06-18 14:13:40 [INFO] - Model Number: 12 with model GLS in generation 0 of 0
2025-06-18 14:14:46 [INFO] - Model Number: 13 with model SectionalMotif in generation 0 of 0
